164
118
114
890
457
535
473
762
605
80
479
554
76
849
737
239
408
457
953
880
70
471
571
813
546
150
256
544
49
256
711
231
292
110
446
323
81
14
349
437
675
416
467
649
377
687
421
119
781
609
384
213
136
625
403
621
790
918
967
132
907
492
173
635
579
986
402
763
580
80
776
625
320
23
617
390
608
669
267
714
428
384
192
111
358
256
129
954
105
320
328
291
481
113
122
214
193
327
302
202
765
689
583
332
924
348
185
99
854
888
452
438
713
814
183
797
267
869
317
886
56
591
910
147
214
8
345
205
257
265
175
4
43
718
663
697
409
396
724
146
567
817
69
122
774
816
967
706
368
964
623
885
610
95
145
828
217
698
160
742
453
235
716
878
695
503
713
654
714
348
721
598
79
337
129
207
838
313
316
265
679
66
230
34
606
730
809
723
958
959
393
85
996
790
918
902
945
866
130
222
357
67
565
754
340
763
88
340
268
867
834
826
346
202
0
646
268
810
758
645
450
722
462
417
966
838
590
301
897
301
828
414
286
477
58
862
92
681
55
521
465
751
61
312
398
442
606
929
251
494
46
469
512
46
349
89
830
327
6
856
883
855
898
485
880
894
441
178
911
744
869
720
236
449
1014
914
402
586
616
652
967
701
81
796
674
686
962
215
219
753
85
540
341
102
102
711
783
150
480
259
655
74
427
842
50
378
925
976
337
643
349
550
820
247
398
584
759
602
442
694
792
505
798
649
233
461
638
519
455
512
332
808
306
651
402
197
99
399
224
804
267
757
878
754
667
685
219
251
969
847
567
885
168
740
479
525
349
741
872
327
308
933
822
702
796
160
688
305
752
747
772
621
610
373
158
194
925
906
961
167
147
108
230
400
848
756
980
691
364
439
571
37
467
834
504
140
971
749
394
430
855
958
747
717
439
391
419
977
639
900
470
820
661
125
951
344
24
233
902
619
560
260
197
808
199
671
795
685
156
428
928
653
105
585
637
442
934
185
482
100
463
374
947
88
618
211
100
595
813
620
952
592
377
704
116
878
461
666
413
817
347
984
117
432
935
899
576
632
715
262
441
430
555
337
172
635
915
836
142
467
75
238
870
329
150
67
329
771
862
733
579
881
275
15
795
396
16
961
641
352
208
540
890
782
650
68
144
779
73
389
191
549
954
877
520
648
508
263
876
188
348
171
126
202
595
848
441
667
27
615
321
539
805
221
36
4
390
149
258
70
92
236
779
784
236
666
223
11
224
7
99
488
668
99
678
795
352
777
327
513
709
855
913
754
139
673
294
562
979
575
247
878
71
906
134
377
494
391
886
930
966
474
850
361
460
157
283
846
653
298
629
184
763
419
78
583
40
829
404
402
130
440
873
566
254
2
391
50
375
503
322
375
450
546
679
483
485
98
665
618
285
298
623
94
739
771
269
802
45
735
446
592
612
679
211
205
418
713
679
277
354
145
447
878
271
724
127
859
348
324
446
780
156
342
866
576
467
419
34
522
232
624
212
524
77
748
353
753
386
889
163
637
267
251
228
919
218
704
197
663
539
403
545
13
832
583
463
44
851
620
59
872
571
91
133
996
164
1015
645
112
233
278
91
262
1
412
374
899
581
456
344
815
772
385
501
356
634
565
91
645
758
273
921
783
486
211
465
498
824
142
274
640
584
621
607
53
837
793
450
309
842
419
774
921
757
526
891
785
586
460
94
34
760
301
115
849
674
38
413
354
378
81
604
259
663
188
80
133
642
619
111
167
12
693
391
800
545
807
904
23
698
220
278
353
417
715
900
26
980
845
887
117
289
931
70
305
888
478
362
498
619
503
657
839
854
924
987
577
388
400
918
185
250
801
151
155
216
214
631
21
491
487
484
677
243
760
698
78
96
167
897
123
739
43
734
910
980
647
816
827
900
83
133
308
472
269
535
303
5
893
766
794
351
695
157
324
288
587
179
501
291
616
65
250
805
853
581
179
636
646
905
724
507
488
789
753
454
539
924
292
542
801
846
848
257
104
559
212
845
44
227
191
289
949
456
827
729
490
159
859
814
92
157
804
173
276
989
726
13
810
150
986
809
482
379
281
360
103
911
777
561
855
630
901
385
760
358
885
747
300
825
826
629
551
892
556
247
495
113
731
167
519
159
822
356
5
302
469
16
670
369
903
931
826
801
514
482
561
880
960
580
428
770
405
485
595
306
509
5
712
866
222
638
716
327
183
101
82
896
74
746
985
481
751
419
562
721
414
603
34
518
169
344
918
207
902
295
904
197
327
42
443
239
289
183
5
945
236
605
446
349
606
827
523
631
483
618
901
515
119
473
400
512
313
323
316
224
609
142
892
18
39
888
916
245
794
716
573
821
4
124
43
725
373
163
98
432
281
497
384
30
10
64
792
513
964
42
235
428
560
919
537
964
465
985
714
79
702
720
916
130
965
213
528
371
757
29
469
13
417
353
734
910
509
670
28
330
151
197
713
160
90
90
542
282
160
421
226
53
95
74
245
442
286
558
453
137
551
206
51
409
476
233
639
675
606
30
509
205
25
136
54
863
344
474
383
437
708
67
686
287
236
313
521
63
432
209
331
577
219
701
75
957
958
343
496
753
32
344
643
458
21
841
828
826
409
399
181
890
689
95
133
383
678
458
252
602
777
893
569
504
974
608
973
530
227
409
667
294
101
680
173
451
917
507
30
261
574
913
951
540
969
924
674
177
334
293
412
184
962
944
542
872
197
813
533
42
934
991
10
227
666
792
579
601
459
90
532
897
636
120
466
581
323
56
761
478
203
573
16
80
112
289
113
148
46
203
749
943
157
413
48
679
830
707
253
709
437
824
743
40
266
12
738
285
664
578
656
746
464
896
133
241
741
778
898
250
896
282
722
102
78
550
257
848
936
890
29
952
120
60
688
173
926
953
215
815
573
656
452
299
727
184
945
390
676
57
716
121
305
89
753
913
361
644
297
966
964
950
781
425
516
973
80
918
1001
908
51
369
172
279
586
483
977
676
795
