49180370
45694321
33928709
33928709
26303471
26303471
26303471
26148191
26148191
26148191
26148191
14740335
11314606
11314606
11314606
11314606
11314606
11314606
11314606
11314606
11314606
11314606
9695693
9695693
9695693
7658359
7658359
7658359
7658359
6042847
6042847
6042847
6042847
6042847
6042847
6042847
6042847
4587706
4587706
4587706
4587706
4587706
4587706
4325761
4325761
4325761
4325761
4325761
4325761
4325761
4325761
4325761
4325761
4325761
4325761
4325761
4325761
4325761
4325761
4325761
4325761
4325761
4325761
4325761
4325761
4325761
4325761
4325761
4325761
4325761
4325761
4325761
4325761
4325761
4325761
2561199
2561199
2372310
2264602
2264602
2264602
2264602
2264602
2264602
2264602
2264602
2264602
2264602
2264602
2264602
2264602
2264602
2264602
2264602
2264602
2264602
2264602
2264602
2264602
2264602
2264602
2264602
1747317
1747317
1747317
1747317
1747317
1747317
1747317
1747317
1747317
1747317
1747317
1747317
1747317
1747317
1747317
1747317
1747317
1747317
1747317
1747317
1747317
1747317
1747317
1747317
1747317
1747317
1701892
1701892
1701892
1701892
1701892
1701892
1701892
1701892
1701892
1701892
1701892
1701892
1701892
1701892
1701892
1701892
1701892
1701892
1701892
1701892
1701892
1701892
1427766
1427766
1427766
1427766
1427766
1427766
1427766
1427766
1427766
1427766
1427766
1427766
1427766
1427766
1427766
1427766
1427766
1427766
1427766
1427766
1427766
1427766
1427766
1427766
1427766
1427766
1427766
1427766
1427766
1427766
1427766
1382211
1382211
1382211
1382211
1382211
1382211
1382211
1382211
1382211
1382211
1382211
1382211
1382211
1382211
1382211
1382211
1382211
1382211
1382211
1382211
1382211
1382211
1382211
1382211
1382211
1382211
1382211
1382211
1382211
1382211
1382211
1382211
1382211
1382211
1382211
1382211
1382211
1382211
1382211
1382211
1382211
1382211
1382211
1382211
1382211
1382211
1382211
1382211
1382211
1382211
1382211
1382211
1210627
1210627
1210627
1210627
1210627
1210627
1210627
1210627
1210627
1210627
1210627
1210627
1191524
1191524
1191524
1191524
1191524
1191524
1191524
1191524
1191524
1191524
1191524
1191524
1191524
1191524
1191524
1191524
1191524
1191524
1191524
1191524
1191524
1032132
1032132
1032132
1032132
1032132
1032132
1032132
1032132
1032132
1032132
1032132
1032132
1032132
1032132
1032132
1032132
1032132
1032132
1032132
1032132
1032132
1032132
1032132
1032132
1032132
1032132
1032132
1032132
1032132
1032132
1032132
1032132
1032132
1032132
1032132
1032132
1032132
1032132
1032132
1032132
1032132
1032132
1032132
1032132
1032132
1032132
1032132
804197
804197
804197
804197
804197
804197
804197
804197
804197
804197
804197
804197
804197
804197
804197
804197
804197
804197
804197
804197
804197
804197
804197
804197
804197
804197
804197
804197
804197
804197
804197
804197
804197
804197
804197
804197
804197
804197
804197
804197
804197
804197
804197
804197
804197
804197
804197
804197
804197
804197
804197
804197
804197
804197
804197
804197
804197
804197
804197
804197
804197
804197
804197
804197
804197
804197
804197
804197
804197
804197
804197
804197
804197
804197
804197
804197
804197
804197
804197
804197
804197
804197
804197
804197
804197
804197
804197
804197
804197
804197
804197
804197
804197
804197
804197
804197
804197
804197
804197
804197
804197
804197
804197
715352
715352
715352
715352
715352
715352
575859
575859
575859
575859
575859
575859
575859
575859
575859
575859
575859
575859
575859
575859
575859
575859
575859
575859
575859
575859
575859
575859
575859
575859
575859
575859
575859
575859
575859
471199
471199
471199
471199
471199
471199
471199
471199
471199
471199
471199
471199
471199
471199
471199
471199
471199
471199
471199
471199
471199
471199
471199
471199
471199
471199
471199
471199
471199
471199
471199
471199
471199
471199
471199
471199
471199
471199
471199
471199
471199
471199
471199
471199
471199
471199
471199
471199
471199
471199
471199
471199
471199
471199
471199
471199
471199
471199
471199
471199
471199
471199
471199
471199
471199
471199
471199
471199
471199
471199
471199
471199
471199
471199
471199
471199
439407
439407
439407
439407
439407
439407
439407
439407
439407
439407
439407
439407
439407
439407
439407
439407
439407
439407
439407
439407
439407
439407
439407
439407
439407
439407
439407
439407
439407
439407
439407
439407
439407
439407
439407
439407
439407
439407
439407
439407
439407
439407
439407
439407
439407
439407
439407
439407
439407
439407
439407
439407
439407
439407
439407
439407
439407
439407
439407
439407
439407
439407
439407
439407
439407
439407
439407
439407
439407
439407
439407
439407
439407
439407
439407
439407
439407
439407
439407
439407
439407
439407
439407
439407
426811
426811
426811
426811
426811
401400
401400
401400
401400
401400
401400
401400
401400
401400
401400
401400
401400
401400
401400
401400
334598
334598
334598
334598
334598
334598
334598
334598
334598
334598
334598
334598
334598
334598
334598
334598
334598
334598
334598
334598
334598
334598
334598
334598
334598
334598
334598
334598
334598
334598
334598
334598
334598
334598
334598
334598
334598
334598
334598
334598
334598
334598
334598
334598
334598
334598
334598
334598
334598
334598
334598
334598
334598
334598
334598
334598
334598
334598
334598
334598
334598
334598
334598
243878
243878
243878
243878
243878
243878
243878
243878
243878
243878
243878
236189
236189
236189
236189
236189
236189
236189
236189
236189
236189
236189
236189
236189
236189
236189
236189
236189
236189
236189
236189
236189
236189
236189
236189
236189
236189
236189
236189
236189
236189
236189
236189
236189
236189
236189
236189
236189
236189
236189
236189
236189
236189
236189
236189
236189
236189
236189
236189
236189
236189
236189
236189
236189
236189
236189
236189
236189
236189
236189
236189
221486
221486
221486
221486
221486
221486
221486
221486
221486
221486
221486
221486
221486
221486
221486
221486
221486
221486
221486
221486
221486
221486
221486
221486
221486
221486
221486
221486
221486
221486
221486
221486
221486
221486
221486
221486
221486
221486
221486
221486
221486
221486
221486
221486
221486
221486
221486
221486
221486
221486
221486
221486
193771
193771
193771
193771
193771
193771
193771
193771
193771
193771
193771
193771
193771
193771
193771
193771
193771
193771
193771
193771
189898
189898
189898
189898
189898
189898
189898
189898
189898
189898
189898
189898
189898
189898
189898
189898
189898
189898
189898
189898
189898
189898
189898
189898
189898
189898
189898
189898
189898
189898
189898
189898
189898
189898
189898
189898
189898
189898
189898
189898
189898
189898
189898
189898
189898
189898
189898
189898
189898
189898
189898
189898
189898
189898
189898
189898
189898
189898
189898
189898
189898
189898
189898
189898
189898
189898
189898
189898
189898
189898
189898
189898
189898
189898
189898
189898
189898
189898
189898
189898
189898
189898
189898
189898
189898
189898
189898
189898
189898
189898
189898
189898
189898
189898
189898
189898
189898
189898
189898
189898
189898
189898
189898
189898
189898
39864403
26940031
23270610
23270610
23270610
23270610
13360084
13183969
13183969
13183969
12630087
8636824
8636824
8636824
8636824
8636824
8636824
8636824
7827528
7827528
7827528
7818858
7818858
7818858
7818858
7818858
7190271
7035970
7035970
7035970
7035970
7035970
6972842
6972842
6972842
6972842
4113665
3694519
3694519
3694519
3694519
3694519
3694519
3180647
3180647
3180647
3180647
3180647
3180647
3180647
3180647
3180647
3180647
3180647
3180647
3180647
3180647
3180647
3180647
3180647
3180647
3180647
3180647
2843771
2843771
2843771
2843771
2843771
2843771
2843771
2843771
2843771
2843771
2843771
2843771
2422545
2422545
2422545
2422545
2422545
2422545
2422545
2422545
2422545
2422545
2422545
2422545
2422545
2422545
2422545
2379210
2379210
2379210
2379210
2379210
2379210
2379210
2379210
2379210
2379210
2379210
2379210
2379210
2379210
2379210
2379210
2379210
2379210
2379210
2379210
2379210
2379210
2379210
2379210
2379210
2379210
2379210
2379210
2379210
2379210
2379210
2379210
2379210
2293943
2293943
2293943
2293943
2293943
2293943
2293943
2293943
2293943
2293943
2293943
2293943
2293943
2293943
2293943
2293943
2293943
2293943
2293943
2293943
2293943
2293943
2293943
2293943
2293943
2293943
2293943
2293943
2293943
1510290
1510290
1510290
1510290
1510290
1510290
1510290
1510290
1510290
1510290
1510290
1510290
1510290
1510290
1510290
1510290
1510290
1012364
1012364
1012364
1012364
1012364
1012364
1012364
1012364
1012364
1012364
1012364
1012364
1012364
1012364
1012364
1012364
1012364
1012364
1012364
1012364
1012364
1012364
1012364
1012364
1012364
1012364
1012364
1012364
1012364
1012364
1012364
1012364
1012364
1012364
1012364
1012364
1012364
1012364
1012364
1012364
1012364
1012364
1012364
1012364
1012364
1012364
1012364
1012364
1012364
1012364
1012364
1012364
1012364
1012364
1012364
1012364
1012364
1012364
1012364
1012364
1012364
1012364
820802
820802
820802
820802
820802
820802
766655
766655
766655
766655
766655
766655
766655
766655
766655
766655
766655
766655
766655
766655
766655
766655
766655
766655
691256
691256
691256
691256
691256
691256
691256
691256
691256
691256
691256
691256
691256
691256
691256
691256
691256
691256
691256
691256
691256
691256
691256
691256
691256
691256
691256
691256
691256
691256
691256
691256
691256
691256
691256
691256
691256
691256
691256
691256
691256
691256
691256
691256
691256
691256
691256
691256
691256
691256
691256
691256
691256
691256
691256
691256
691256
691256
691256
691256
691256
691256
691256
691256
691256
691256
691256
691256
691256
691256
691256
691256
691256
691256
691256
691256
691256
691256
691256
691256
691256
691256
691256
691256
691256
691256
691256
691256
691256
691256
691256
691256
691256
691256
691256
691256
691256
691256
691256
691256
631586
631586
631586
631586
631586
631586
631586
631586
631586
631586
631586
631586
631586
631586
631586
631586
631586
631586
631586
631586
631586
631586
631586
631586
631586
631586
631586
631586
631586
631586
631586
631586
631586
631586
631586
631586
631586
631586
631586
631586
631586
631586
631586
631586
631586
631586
631586
631586
631586
631586
631586
631586
631586
631586
631586
631586
631586
631586
631586
631586
631586
631586
631586
631586
631586
631586
631586
631586
631586
631586
631586
631586
631586
631586
631586
631586
631586
631586
631586
631586
631586
631586
631586
631586
631586
631586
631586
631586
631586
631586
631586
631586
631586
631586
631586
631586
631586
631586
631586
631586
631586
631586
631586
631586
631586
631586
631586
631586
631586
631586
631586
631586
449395
449395
449395
449395
449395
449395
449395
449395
449395
449395
449395
449395
449395
449395
449395
449395
433659
433659
433659
433659
433659
433659
433659
433659
433659
433659
433659
433659
433659
433659
433659
433659
433659
433659
433659
433659
433659
433659
433659
433659
433659
433659
433659
433659
433659
433659
433659
433659
433659
433659
433659
433659
433659
433659
433659
433659
433659
433659
433659
433659
433659
433659
433659
433659
433659
433659
433659
433659
433659
433659
433659
433659
433659
433659
433659
433659
433659
433659
433659
433659
433659
433659
433659
433659
433659
433659
433659
433659
433659
433659
433659
433659
433659
433659
433659
433659
433659
433659
433659
433659
433659
433659
433659
433659
433659
385831
385831
385831
385831
385831
385831
385831
385831
385831
385831
385831
385831
385831
385831
385831
385831
385831
385831
385831
385831
385831
385831
385831
385831
385831
385831
385831
385831
385831
385831
385831
385831
385831
385831
385831
385831
385831
385831
385831
385831
385831
385831
385831
385831
385831
385831
385831
385831
385831
385831
385831
385831
385831
385831
385831
385831
385831
385831
385831
385831
385831
385831
385831
385831
385831
385831
385831
385831
385831
385831
385831
385831
385831
385831
385831
385831
385831
385831
385831
385831
385831
385831
385831
385831
385831
385831
385831
385831
385831
385831
385831
385831
385831
385831
385831
385831
385831
385831
385831
385831
385831
385831
385831
385831
385831
385831
385831
385831
296713
296713
296713
296713
296713
296713
296713
296713
296713
296713
296713
296713
296713
296713
296713
296713
296713
296713
296713
296713
296713
296713
296713
296713
296713
296713
296713
296713
296713
296713
296713
296713
296713
296713
296713
296713
296713
296713
296713
296713
296713
296713
296713
296713
296713
296713
296713
296713
296713
296713
296713
296713
296713
296713
296713
296713
296713
296713
296713
296713
296713
296713
296713
296713
296713
296713
296713
296713
296713
296713
296713
296713
296713
296713
296713
296713
296713
296713
296713
296713
296713
