919323
919323
919323
919323
919323
919323
919323
919323
919323
919323
919323
919323
919323
919323
842873
842873
842873
842873
842873
842873
842873
842873
832542
832542
814843
814843
814843
814843
814843
814843
814843
814843
814843
814843
814843
814843
814843
814843
814843
814843
814843
814843
814843
814843
814843
814843
814843
814843
814843
814843
814843
814843
814843
814843
814843
814843
814843
814843
814843
814843
814843
814843
814843
814843
814843
814843
814843
814843
809068
809068
694688
694688
694688
694688
694688
694688
694688
694688
694688
694688
694688
694688
694688
694688
694688
694688
694688
694688
694688
694688
694688
694688
694688
694688
694688
694688
694688
694688
694688
694688
694688
694688
694688
694688
616300
616300
616300
616300
616300
616300
616300
616300
616300
616300
616300
616300
521347
503727
503727
503727
455655
455655
455655
455655
455655
455655
430740
430740
430740
430740
430740
430740
430740
430740
430740
430740
430740
430740
430740
354896
354896
354896
354896
354896
354896
354896
354896
354896
354896
354896
300601
300601
300601
300601
300601
300601
300601
300601
300601
300601
300601
300601
300601
300601
300601
300601
300601
300601
300601
300601
300601
300601
300601
300601
300601
300601
300601
300601
300601
300601
300601
300601
300601
300601
300601
300601
300601
300601
300601
300601
300601
300601
300601
300601
300601
300601
300601
300601
300601
300601
300601
300601
300601
300601
300601
300601
247361
247361
247361
884406
884406
884406
884406
884406
884406
884406
884406
830777
830777
830777
830777
830777
830777
830777
830777
830777
744739
744739
744739
679785
679785
679785
679785
679785
679785
679785
679785
679785
679785
679785
548532
548532
548532
548532
548532
548532
491078
343250
343250
325834
1680687
1680687
1680687
1680687
1680687
1680687
1680687
1680687
1680687
1680687
1680687
1680687
1680687
1680687
1680687
1680687
1680687
1680687
1680687
1680687
1680687
1680687
1680687
1680687
1680687
1680687
1680687
1680687
1680687
1680687
1680687
1680687
1680687
1680687
1680687
1680687
1680687
1680687
1680687
1680687
1680687
1680687
1680687
1680687
1680687
1680687
1680687
1680687
1680687
1680687
1680687
1680687
1680687
1680687
1680687
1680687
1680687
1680687
1680687
1680687
1680687
1680687
1680687
1680687
1680687
1680687
1680687
1680687
1680687
1680687
1680687
1680687
1680687
1680687
1680687
1680687
1680687
1680687
1680687
1680687
1680687
1680687
1680687
1680687
1680687
1680687
1680687
1680687
1680687
1680687
1680687
1680687
1680687
1680687
1680687
1680687
1680687
1680687
1680687
1680687
1680687
1680687
1680687
1680687
1680687
1680687
1680687
1680687
1680687
1680687
1680687
1680687
1680687
1680687
1680687
1680687
1680687
1680687
1680687
1680687
1680687
1680687
1680687
1680687
1680687
1680687
1680687
1680687
1680687
1680687
1680687
1680687
1680687
1680687
1680687
1680687
1680687
1680687
1680687
1680687
1680687
1680687
1680687
1680687
1680687
1680687
1680687
1444406
1413011
1413011
1413011
1413011
1413011
1413011
1413011
1413011
1413011
1413011
1413011
1413011
1413011
1413011
1413011
1413011
1413011
1413011
1293681
1293681
1293681
1293681
1293681
1293681
1293681
1293681
1293681
1293681
1293681
1293681
1293681
1293681
1293681
1293681
1293681
1293681
1293681
1293681
1293681
1293681
1293681
1293681
1293681
1293681
1293681
1293681
1293681
1293681
1293681
1281810
1281810
1281810
1281810
1281810
1281810
1281810
1281810
1281810
1281810
1281810
1281810
1281810
1281810
1281810
1281810
1281810
1281810
1281810
1281810
1281810
1281810
1281810
1281810
1281810
1281810
1281810
1281810
1281810
1281810
1281810
1281810
1281810
1281810
1281810
1281810
1281810
1281810
1281810
1281810
1281810
1281810
1281810
1281810
1281810
1281810
1281810
1281810
1281810
1281810
1281810
1281810
1281810
1281810
1281810
1281810
1281810
1281810
1281810
1281810
1281810
1281810
1281810
1281810
1281810
1281810
1281810
1281810
1281810
1281810
1281810
1281810
1281810
1281810
1281810
1281810
1281810
1281810
1281810
1281810
1281810
1281810
1281810
1281810
1281810
1281810
1281810
1281810
1281810
1281810
1281810
1281810
1281810
1281810
1281810
1281810
1281810
1281810
1281810
1281810
1281810
1281810
1281810
1281810
1281810
1281810
1281810
1281810
1281810
1281810
1281810
1281810
1281810
1281810
1281810
1281810
1281810
1281810
1281810
1281810
1281810
1281810
1281810
1281810
1281810
1281810
1281810
1281810
1281810
1281810
1281810
1281810
1281810
1281810
1281810
1281810
1281810
1281810
1281810
1281810
1281810
1281810
1281810
1279955
1279955
1279955
1279955
1279955
1279955
1279955
1279955
1279955
1279955
1279955
1279955
1279955
1279955
1279955
1279955
1279955
1279955
1279955
1279955
1279955
1279955
1279955
1279955
1279955
1279955
1279955
1279955
1279955
1279955
1279955
1279955
1279955
1279955
1279955
1279955
1279955
1279955
1279955
1279955
1279955
1279955
1184079
1184079
1184079
1184079
1184079
1184079
1184079
1184079
1184079
1184079
1184079
1184079
1184079
1184079
1184079
1184079
1184079
1184079
1184079
1184079
1184079
1184079
1184079
1184079
1184079
1184079
1184079
1184079
1184079
1184079
1184079
1184079
1184079
1184079
1184079
1184079
1184079
1184079
1184079
1184079
1184079
1184079
1184079
1184079
1184079
1184079
1184079
1184079
1184079
1184079
1184079
1184079
1184079
1184079
1184079
1184079
1184079
1184079
1184079
1184079
1184079
1184079
1184079
1184079
1184079
1184079
1184079
1184079
1184079
1184079
1184079
1184079
1184079
1184079
1184079
1184079
1184079
1184079
1184079
1184079
1184079
1184079
1184079
1184079
1184079
1184079
1184079
1184079
1184079
1184079
1184079
1184079
1184079
1184079
1184079
1184079
1184079
1184079
1184079
1184079
1184079
1184079
1184079
1184079
1184079
1153946
1153946
1153946
1153946
1153946
1153946
1153946
1153946
1153946
1153946
1153946
1153946
1153946
1153946
1153946
1153946
1153946
1153946
1153946
1153946
1153946
1153946
1153946
1153946
1153946
1153946
1153946
1153946
1153946
1153946
1153946
1153946
1153946
1153946
1153946
1153946
1153946
1153946
1153946
1153946
1153946
1153946
1153946
1153946
1153946
1153946
1153946
1153946
1153946
1153946
1153946
1153946
1153946
1153946
1153946
1153946
1153946
1153946
1153946
1153946
1153946
1153946
1153946
1153946
1153946
1153946
1153946
1153946
1153946
1153946
1153946
1153946
1153946
1042585
1042585
1042585
1042585
1042585
1042585
1042585
987603
987603
987603
987603
987603
987603
987603
987603
987603
987603
987603
987603
987603
987603
987603
987603
987603
987603
987603
987603
987603
987603
987603
987603
987603
948395
948395
948395
847730
847730
847730
847730
847730
847730
847730
847730
847730
847730
847730
847730
847730
847730
847730
847730
847730
847730
847730
847730
847730
847730
847730
847730
847730
847730
847730
847730
847730
847730
847730
847730
847730
847730
847730
847730
769397
769397
769397
769397
769397
769397
769397
769397
769397
769397
769397
769397
769397
769397
769397
769397
769397
769397
769397
769397
769397
769397
769397
769397
769397
769397
769397
769397
769397
769397
769397
769397
769397
769397
769397
769397
769397
769397
769397
769397
769397
709135
709135
709135
709135
709135
709135
709135
709135
709135
709135
709135
709135
709135
709135
709135
709135
705775
705775
705775
705775
705775
705775
705775
705775
705775
705775
705775
705775
705775
705775
705775
705775
705775
705775
705775
705775
705775
705775
705775
705775
705775
705775
705775
705775
705775
705775
705775
705775
705775
705775
705775
705775
705775
705775
705775
705775
705775
705775
705775
705775
705775
705775
705775
705775
705775
705775
705775
705775
705775
705775
705775
705775
705775
705775
705775
705775
705775
705775
705775
705775
705775
705775
705775
705775
705775
705775
705775
705775
620891
620891
620891
620891
620891
620891
620891
620891
620891
620891
620891
620891
620891
620891
620891
620891
620891
620891
620891
620891
620891
620891
620891
620891
620891
620891
620891
620891
620891
620891
620891
620891
620891
620891
620891
620891
620891
620891
620891
620891
620891
620891
620891
620891
620891
620891
620891
620891
620891
620891
620891
620891
620891
620891
620891
620891
620891
620891
620891
620891
620891
620891
620891
620891
620891
620891
620891
620891
620891
620891
598200
598200
598200
598200
598200
598200
598200
598200
598200
598200
598200
598200
598200
598200
598200
598200
598200
598200
598200
598200
598200
598200
598200
598200
598200
598200
598200
598200
598200
598200
598200
598200
598200
598200
598200
598200
598200
598200
598200
598200
598200
598200
598200
598200
598200
598200
598200
598200
598200
598200
598200
598200
598200
598200
598200
598200
598200
598200
598200
598200
598200
598200
598200
598200
598200
598200
598200
598200
598200
598200
598200
598200
598200
598200
598200
598200
598200
598200
598200
598200
598200
598200
598200
598200
598200
598200
598200
598200
598200
598200
598200
598200
598200
598200
598200
598200
598200
598200
598200
598200
598200
598200
598200
598200
598200
598200
598200
598200
598200
598200
598200
598200
598200
598200
598200
598200
598200
598200
598200
598200
598200
598200
598200
598200
598200
598200
598200
598200
598200
598200
598200
598200
598200
598200
598200
598200
598200
598200
598200
598200
598200
598200
598200
598200
598200
598200
598200
598200
598200
598200
598200
598200
598200
598200
598200
598200
598200
598200
598200
598200
598200
598200
598200
598200
598200
598200
598200
598200
598200
598200
598200
598200
598200
598200
598200
598200
598200
598200
598200
598200
598200
598200
598200
598200
598200
598200
598200
598200
598200
518399
518399
518399
518399
518399
518399
518399
518399
518399
518399
518399
518399
518399
518399
518399
518399
518399
518399
518399
518399
518399
518399
518399
518399
518399
518399
518399
518399
518399
518399
518399
518399
518399
518399
518399
518399
518399
518399
518399
518399
518399
518399
518399
485532
485532
485532
485532
485532
485532
485532
485532
485532
485532
485532
485532
485532
485532
466625
466625
337328
337328
337328
337328
337328
337328
337328
337328
337328
337328
337328
337328
337328
337328
337328
337328
337328
337328
337328
337328
337328
337328
337328
337328
337328
337328
337328
337328
337328
337328
337328
337328
337328
337328
337328
337328
337328
337328
337328
337328
337328
337328
337328
337328
337328
337328
337328
337328
337328
337328
337328
337328
337328
337328
337328
337328
337328
337328
337328
337328
337328
337328
337328
337328
337328
337328
337328
337328
337328
337328
337328
337328
337328
337328
337328
337328
337328
337328
337328
337328
337328
337328
337328
337328
337328
337328
337328
337328
337328
337328
337328
337328
337328
337328
337328
337328
337328
337328
337328
337328
337328
337328
337328
337328
337328
337328
337328
337328
337328
337328
337328
337328
337328
337328
337328
337328
302196
302196
302196
302196
302196
302196
302196
302196
302196
302196
302196
302196
302196
302196
302196
302196
302196
302196
302196
302196
302196
302196
302196
302196
302196
302196
302196
302196
302196
302196
302196
302196
302196
302196
302196
302196
302196
302196
302196
302196
302196
302196
302196
302196
302196
302196
302196
302196
302196
302196
302196
302196
302196
302196
302196
302196
302196
302196
302196
302196
302196
302196
302196
302196
302196
302196
302196
302196
302196
302196
302196
302196
302196
302196
302196
302196
302196
302196
302196
302196
302196
302196
302196
302196
302196
302196
302196
302196
302196
302196
302196
302196
302196
302196
302196
302196
302196
302196
302196
302196
302196
302196
302196
302196
302196
302196
302196
302196
302196
302196
302196
302196
302196
302196
302196
302196
302196
302196
302196
302196
302196
302196
302196
302196
302196
302196
302196
302196
302196
302196
302196
302196
302196
302196
302196
302196
302196
302196
302196
302196
302196
302196
302196
302196
302196
302196
302196
302196
302196
302196
302196
302196
302196
302196
302196
302196
302196
302196
302196
302196
302196
233863
233863
233863
233863
233863
